mode: set
github.com/RHEcosystemAppEng/mydbdbaas-operator/controllers/dbaasprovider_controller.go:70.105,75.67 3 0
github.com/RHEcosystemAppEng/mydbdbaas-operator/controllers/dbaasprovider_controller.go:86.2,87.16 2 0
github.com/RHEcosystemAppEng/mydbdbaas-operator/controllers/dbaasprovider_controller.go:91.2,91.21 1 0
github.com/RHEcosystemAppEng/mydbdbaas-operator/controllers/dbaasprovider_controller.go:97.2,103.90 2 0
github.com/RHEcosystemAppEng/mydbdbaas-operator/controllers/dbaasprovider_controller.go:141.2,141.27 1 0
github.com/RHEcosystemAppEng/mydbdbaas-operator/controllers/dbaasprovider_controller.go:75.67,76.32 1 0
github.com/RHEcosystemAppEng/mydbdbaas-operator/controllers/dbaasprovider_controller.go:82.3,83.28 2 0
github.com/RHEcosystemAppEng/mydbdbaas-operator/controllers/dbaasprovider_controller.go:76.32,80.4 2 0
github.com/RHEcosystemAppEng/mydbdbaas-operator/controllers/dbaasprovider_controller.go:87.16,90.3 2 0
github.com/RHEcosystemAppEng/mydbdbaas-operator/controllers/dbaasprovider_controller.go:91.21,95.3 2 0
github.com/RHEcosystemAppEng/mydbdbaas-operator/controllers/dbaasprovider_controller.go:103.90,104.32 1 0
github.com/RHEcosystemAppEng/mydbdbaas-operator/controllers/dbaasprovider_controller.go:137.3,138.28 2 0
github.com/RHEcosystemAppEng/mydbdbaas-operator/controllers/dbaasprovider_controller.go:104.32,116.85 4 0
github.com/RHEcosystemAppEng/mydbdbaas-operator/controllers/dbaasprovider_controller.go:121.4,121.38 1 0
github.com/RHEcosystemAppEng/mydbdbaas-operator/controllers/dbaasprovider_controller.go:127.4,128.57 2 0
github.com/RHEcosystemAppEng/mydbdbaas-operator/controllers/dbaasprovider_controller.go:116.85,119.5 2 0
github.com/RHEcosystemAppEng/mydbdbaas-operator/controllers/dbaasprovider_controller.go:121.38,126.5 3 0
github.com/RHEcosystemAppEng/mydbdbaas-operator/controllers/dbaasprovider_controller.go:128.57,131.5 2 0
github.com/RHEcosystemAppEng/mydbdbaas-operator/controllers/dbaasprovider_controller.go:131.10,134.5 2 0
github.com/RHEcosystemAppEng/mydbdbaas-operator/controllers/dbaasprovider_controller.go:144.90,189.2 2 0
github.com/RHEcosystemAppEng/mydbdbaas-operator/controllers/dbaasprovider_controller.go:192.94,194.16 2 0
github.com/RHEcosystemAppEng/mydbdbaas-operator/controllers/dbaasprovider_controller.go:200.2,200.43 1 0
github.com/RHEcosystemAppEng/mydbdbaas-operator/controllers/dbaasprovider_controller.go:205.2,205.19 1 0
github.com/RHEcosystemAppEng/mydbdbaas-operator/controllers/dbaasprovider_controller.go:194.16,195.32 1 0
github.com/RHEcosystemAppEng/mydbdbaas-operator/controllers/dbaasprovider_controller.go:198.3,198.72 1 0
github.com/RHEcosystemAppEng/mydbdbaas-operator/controllers/dbaasprovider_controller.go:195.32,197.4 1 0
github.com/RHEcosystemAppEng/mydbdbaas-operator/controllers/dbaasprovider_controller.go:200.43,201.21 1 0
github.com/RHEcosystemAppEng/mydbdbaas-operator/controllers/dbaasprovider_controller.go:201.21,203.4 1 0
github.com/RHEcosystemAppEng/mydbdbaas-operator/controllers/dbaasprovider_controller.go:209.80,211.46 1 0
github.com/RHEcosystemAppEng/mydbdbaas-operator/controllers/dbaasprovider_controller.go:211.46,213.4 1 0
github.com/RHEcosystemAppEng/mydbdbaas-operator/controllers/dbaasprovider_controller.go:214.46,216.4 1 0
github.com/RHEcosystemAppEng/mydbdbaas-operator/controllers/dbaasprovider_controller.go:217.46,219.4 1 0
github.com/RHEcosystemAppEng/mydbdbaas-operator/controllers/dbaasprovider_controller.go:220.48,222.4 1 0
github.com/RHEcosystemAppEng/mydbdbaas-operator/controllers/dbaasprovider_controller.go:226.83,228.54 2 0
github.com/RHEcosystemAppEng/mydbdbaas-operator/controllers/dbaasprovider_controller.go:237.2,237.14 1 0
github.com/RHEcosystemAppEng/mydbdbaas-operator/controllers/dbaasprovider_controller.go:228.54,229.56 1 0
github.com/RHEcosystemAppEng/mydbdbaas-operator/controllers/dbaasprovider_controller.go:229.56,230.38 1 0
github.com/RHEcosystemAppEng/mydbdbaas-operator/controllers/dbaasprovider_controller.go:230.38,231.53 1 0
github.com/RHEcosystemAppEng/mydbdbaas-operator/controllers/dbaasprovider_controller.go:231.53,233.6 1 0
github.com/RHEcosystemAppEng/mydbdbaas-operator/controllers/dbaasprovider_controller.go:241.76,245.82 2 0
github.com/RHEcosystemAppEng/mydbdbaas-operator/controllers/dbaasprovider_controller.go:253.2,253.82 1 0
github.com/RHEcosystemAppEng/mydbdbaas-operator/controllers/dbaasprovider_controller.go:261.2,267.14 2 0
github.com/RHEcosystemAppEng/mydbdbaas-operator/controllers/dbaasprovider_controller.go:245.82,249.3 3 0
github.com/RHEcosystemAppEng/mydbdbaas-operator/controllers/dbaasprovider_controller.go:249.8,251.3 1 0
github.com/RHEcosystemAppEng/mydbdbaas-operator/controllers/dbaasprovider_controller.go:253.82,257.3 3 0
github.com/RHEcosystemAppEng/mydbdbaas-operator/controllers/dbaasprovider_controller.go:257.8,259.3 1 0
github.com/RHEcosystemAppEng/mydbdbaas-operator/controllers/mydbaasconnection_controller.go:49.111,55.2 2 0
github.com/RHEcosystemAppEng/mydbdbaas-operator/controllers/mydbaasconnection_controller.go:58.82,62.2 1 0
github.com/RHEcosystemAppEng/mydbdbaas-operator/controllers/mydbaasinstance_controller.go:49.109,55.2 2 0
github.com/RHEcosystemAppEng/mydbdbaas-operator/controllers/mydbaasinstance_controller.go:58.80,62.2 1 0
github.com/RHEcosystemAppEng/mydbdbaas-operator/controllers/mydbaasinventory_controller.go:49.110,55.2 2 0
github.com/RHEcosystemAppEng/mydbdbaas-operator/controllers/mydbaasinventory_controller.go:58.81,62.2 1 0
